Using pre-set license
Built from '2020.3/china_unity/release' branch; Version is '2020.3.0f1c1 (1e553bf703d9) revision 1987899'; Using compiler version '192528614'; Build Type 'Release'
OS: 'Windows 10 Enterprise; OS build 18363.1854; Version 1909; 64bit' Language: 'zh' Physical Memory: 16316 MB
BatchMode: 1, IsHumanControllingUs: 0, StartBugReporterOnCrash: 0, Is64bit: 1, IsPro: 0

 COMMAND LINE ARGUMENTS:
C:\Program Files\Unity\Hub\Editor\2020.3.0f1c1\Editor\Unity.exe
-adb2
-batchMode
-noUpm
-name
AssetImportWorker0
-projectPath
F:/project2021/9.27Protal2D/unity/lesson
-logFile
Logs/AssetImportWorker0.log
-srvPort
64450
Successfully changed project path to: F:/project2021/9.27Protal2D/unity/lesson
F:/project2021/9.27Protal2D/unity/lesson
Using Asset Import Pipeline V2.
Refreshing native plugins compatible for Editor in 53.77 ms, found 1 plugins.
Preloading 0 native plugins for Editor in 0.00 ms.
Initialize engine version: 2020.3.0f1c1 (1e553bf703d9)
[Subsystems] Discovering subsystems at path C:/Program Files/Unity/Hub/Editor/2020.3.0f1c1/Editor/Data/Resources/UnitySubsystems
[Subsystems] Discovering subsystems at path F:/project2021/9.27Protal2D/unity/lesson/Assets
GfxDevice: creating device client; threaded=0
Direct3D:
    Version:  Direct3D 11.0 [level 11.1]
    Renderer: NVIDIA GeForce RTX 2060 (ID=0x1f08)
    Vendor:   
    VRAM:     5980 MB
    Driver:   27.21.14.5671
Shader 'Universal Render Pipeline/Particles/Lit': fallback shader 'Universal Render Pipeline/Particles/SimpleLit' not found
Initialize mono
Mono path[0] = 'C:/Program Files/Unity/Hub/Editor/2020.3.0f1c1/Editor/Data/Managed'
Mono path[1] = 'C:/Program Files/Unity/Hub/Editor/2020.3.0f1c1/Editor/Data/MonoBleedingEdge/lib/mono/unityjit'
Mono config path = 'C:/Program Files/Unity/Hub/Editor/2020.3.0f1c1/Editor/Data/MonoBleedingEdge/etc'
Using monoOptions --debugger-agent=transport=dt_socket,embedding=1,server=y,suspend=n,address=127.0.0.1:56444
Begin MonoManager ReloadAssembly
Registering precompiled unity dll's ...
Register platform support module: C:/Program Files/Unity/Hub/Editor/2020.3.0f1c1/Editor/Data/PlaybackEngines/WindowsStandaloneSupport/UnityEditor.WindowsStandalone.Extensions.dll
Registered in 0.003664 seconds.
Native extension for WindowsStandalone target not found
Refreshing native plugins compatible for Editor in 47.78 ms, found 1 plugins.
Preloading 0 native plugins for Editor in 0.00 ms.
Invoked RoslynAnalysisRunner static constructor.
RoslynAnalysisRunner will not be running.
RoslynAnalysisRunner has terminated.
Mono: successfully reloaded assembly
- Completed reload, in  0.963 seconds
Platform modules already initialized, skipping
Registering precompiled user dll's ...
Registered in 0.001257 seconds.
Begin MonoManager ReloadAssembly
Native extension for WindowsStandalone target not found
Refreshing native plugins compatible for Editor in 50.93 ms, found 1 plugins.
Preloading 0 native plugins for Editor in 0.00 ms.
Invoked RoslynAnalysisRunner static constructor.
RoslynAnalysisRunner will not be running.
RoslynAnalysisRunner has terminated.
Mono: successfully reloaded assembly
- Completed reload, in  1.016 seconds
Platform modules already initialized, skipping
========================================================================
Worker process is ready to serve import requests
Shader 'Universal Render Pipeline/Particles/Lit': fallback shader 'Universal Render Pipeline/Particles/SimpleLit' not found
Launched and connected shader compiler UnityShaderCompiler.exe after 0.06 seconds
Refreshing native plugins compatible for Editor in 0.57 ms, found 1 plugins.
Preloading 0 native plugins for Editor in 0.00 ms.
Unloading 3185 Unused Serialized files (Serialized files now loaded: 0)
System memory in use before: 136.6 MB.
System memory in use after: 136.8 MB.

Unloading 21 unused Assets to reduce memory usage. Loaded Objects now: 3637.
Total: 2.328200 ms (FindLiveObjects: 0.284400 ms CreateObjectMapping: 0.119700 ms MarkObjects: 1.860800 ms  DeleteObjects: 0.062700 ms)

========================================================================
Received Prepare
Shader 'Universal Render Pipeline/Particles/Lit': fallback shader 'Universal Render Pipeline/Particles/SimpleLit' not found
Refreshing native plugins compatible for Editor in 1.96 ms, found 1 plugins.
Preloading 0 native plugins for Editor in 0.00 ms.
Unloading 6 Unused Serialized files (Serialized files now loaded: 0)
System memory in use before: 69.4 MB.
System memory in use after: 69.7 MB.

Unloading 6 unused Assets to reduce memory usage. Loaded Objects now: 3637.
Total: 2.243600 ms (FindLiveObjects: 0.261500 ms CreateObjectMapping: 0.134800 ms MarkObjects: 1.832000 ms  DeleteObjects: 0.014200 ms)

========================================================================
Received Import Request.
  path: Assets/Scenes/01 1.unity
  artifactKey: Guid(ca98417eaf3a7f242a6948b3c5c04cf7) Importer(815301076,1909f56bfc062723c751e8b465ee728b)
Start importing Assets/Scenes/01 1.unity using Guid(ca98417eaf3a7f242a6948b3c5c04cf7) Importer(815301076,1909f56bfc062723c751e8b465ee728b)  -> (artifact id: '51648a2c7d41ed9ebc82da5d17bfd380') in 0.013062 seconds
  Import took 0.017341 seconds .

========================================================================
Received Import Request.
  Time since last request: 2.140535 seconds.
  path: Assets/Scenes/MainWorld/Main Camera Profile.asset
  artifactKey: Guid(1096c8a66c49e4b4c8cbe7729ba792c0) Importer(815301076,1909f56bfc062723c751e8b465ee728b)
Start importing Assets/Scenes/MainWorld/Main Camera Profile.asset using Guid(1096c8a66c49e4b4c8cbe7729ba792c0) Importer(815301076,1909f56bfc062723c751e8b465ee728b)  -> (artifact id: 'ab27e307c8ca3550fb3a82d1e57ed53c') in 0.064575 seconds
  Import took 0.068925 seconds .

========================================================================
Received Import Request.
  Time since last request: 54.320163 seconds.
  path: Assets/Resources/Prefab/Tile_door.prefab
  artifactKey: Guid(72d0956d915af3441884cc049990bd49) Importer(815301076,1909f56bfc062723c751e8b465ee728b)
Start importing Assets/Resources/Prefab/Tile_door.prefab using Guid(72d0956d915af3441884cc049990bd49) Importer(815301076,1909f56bfc062723c751e8b465ee728b)  -> (artifact id: '904590a7e95be9178e8d481be9602bd0') in 0.144773 seconds
  Import took 0.149480 seconds .

========================================================================
Received Import Request.
  Time since last request: 134.965147 seconds.
  path: Assets/Resources/Sprites/UI_03.psd
  artifactKey: Guid(2074e43c081ecde4a98de3ad605e4a7c) Importer(815301076,1909f56bfc062723c751e8b465ee728b)
Start importing Assets/Resources/Sprites/UI_03.psd using Guid(2074e43c081ecde4a98de3ad605e4a7c) Importer(815301076,1909f56bfc062723c751e8b465ee728b)  -> (artifact id: 'e2db1764516501a5ae4922a240b5ddf1') in 0.108945 seconds
  Import took 0.115320 seconds .

========================================================================
Received Prepare
Registering precompiled user dll's ...
Registered in 0.001418 seconds.
Begin MonoManager ReloadAssembly
Native extension for WindowsStandalone target not found
Refreshing native plugins compatible for Editor in 0.48 ms, found 1 plugins.
Preloading 0 native plugins for Editor in 0.00 ms.
Invoked RoslynAnalysisRunner static constructor.
RoslynAnalysisRunner will not be running.
RoslynAnalysisRunner has terminated.
Mono: successfully reloaded assembly
- Completed reload, in  0.872 seconds
Platform modules already initialized, skipping
Shader 'Universal Render Pipeline/Particles/Lit': fallback shader 'Universal Render Pipeline/Particles/SimpleLit' not found
Refreshing native plugins compatible for Editor in 0.48 ms, found 1 plugins.
Preloading 0 native plugins for Editor in 0.00 ms.
Unloading 3067 Unused Serialized files (Serialized files now loaded: 0)
System memory in use before: 135.3 MB.
System memory in use after: 135.5 MB.

Unloading 9 unused Assets to reduce memory usage. Loaded Objects now: 3689.
Total: 2.332400 ms (FindLiveObjects: 0.310200 ms CreateObjectMapping: 0.164100 ms MarkObjects: 1.842100 ms  DeleteObjects: 0.015500 ms)

========================================================================
Received Prepare
Registering precompiled user dll's ...
Registered in 0.001474 seconds.
Begin MonoManager ReloadAssembly
Native extension for WindowsStandalone target not found
Refreshing native plugins compatible for Editor in 0.48 ms, found 1 plugins.
Preloading 0 native plugins for Editor in 0.00 ms.
Invoked RoslynAnalysisRunner static constructor.
RoslynAnalysisRunner will not be running.
RoslynAnalysisRunner has terminated.
Mono: successfully reloaded assembly
- Completed reload, in  0.882 seconds
Platform modules already initialized, skipping
Shader 'Universal Render Pipeline/Particles/Lit': fallback shader 'Universal Render Pipeline/Particles/SimpleLit' not found
Refreshing native plugins compatible for Editor in 0.54 ms, found 1 plugins.
Preloading 0 native plugins for Editor in 0.00 ms.
Unloading 3067 Unused Serialized files (Serialized files now loaded: 0)
System memory in use before: 135.4 MB.
System memory in use after: 135.6 MB.

Unloading 9 unused Assets to reduce memory usage. Loaded Objects now: 3693.
Total: 2.476900 ms (FindLiveObjects: 0.341900 ms CreateObjectMapping: 0.169200 ms MarkObjects: 1.949400 ms  DeleteObjects: 0.015900 ms)

========================================================================
Received Import Request.
  Time since last request: 184.221347 seconds.
  path: Assets/Tile/Prop_star.asset
  artifactKey: Guid(0769b54509caa234ea1871db751076a9) Importer(815301076,1909f56bfc062723c751e8b465ee728b)
Start importing Assets/Tile/Prop_star.asset using Guid(0769b54509caa234ea1871db751076a9) Importer(815301076,1909f56bfc062723c751e8b465ee728b)  -> (artifact id: '9e0031b2bb09b35769a22983dc3a2e2e') in 0.032797 seconds
  Import took 0.038503 seconds .

========================================================================
Received Import Request.
  Time since last request: 0.000246 seconds.
  path: Assets/Tile/UI_03_11.asset
  artifactKey: Guid(3a59a244fd1fc3342b5eb23e20d5b031) Importer(815301076,1909f56bfc062723c751e8b465ee728b)
Start importing Assets/Tile/UI_03_11.asset using Guid(3a59a244fd1fc3342b5eb23e20d5b031) Importer(815301076,1909f56bfc062723c751e8b465ee728b)  -> (artifact id: '00000f9259351a7167b3b6e6ba3ab2de') in 0.010580 seconds
  Import took 0.015142 seconds .

========================================================================
Received Import Request.
  Time since last request: 11.748752 seconds.
  path: Assets/Resources/Prefab/P_star.prefab
  artifactKey: Guid(d8148b2a891d593489da00ddcb5b1404) Importer(815301076,1909f56bfc062723c751e8b465ee728b)
Start importing Assets/Resources/Prefab/P_star.prefab using Guid(d8148b2a891d593489da00ddcb5b1404) Importer(815301076,1909f56bfc062723c751e8b465ee728b)  -> (artifact id: '557b2102f899783c81f9ec6729bbe8ef') in 0.103177 seconds
  Import took 0.108218 seconds .

========================================================================
Received Prepare
Registering precompiled user dll's ...
Registered in 0.001420 seconds.
Begin MonoManager ReloadAssembly
Native extension for WindowsStandalone target not found
Refreshing native plugins compatible for Editor in 0.74 ms, found 1 plugins.
Preloading 0 native plugins for Editor in 0.00 ms.
Invoked RoslynAnalysisRunner static constructor.
RoslynAnalysisRunner will not be running.
RoslynAnalysisRunner has terminated.
Mono: successfully reloaded assembly
- Completed reload, in  0.912 seconds
Platform modules already initialized, skipping
Shader 'Universal Render Pipeline/Particles/Lit': fallback shader 'Universal Render Pipeline/Particles/SimpleLit' not found
Refreshing native plugins compatible for Editor in 0.50 ms, found 1 plugins.
Preloading 0 native plugins for Editor in 0.00 ms.
Unloading 3067 Unused Serialized files (Serialized files now loaded: 0)
System memory in use before: 135.5 MB.
System memory in use after: 135.8 MB.

Unloading 9 unused Assets to reduce memory usage. Loaded Objects now: 3735.
Total: 2.577800 ms (FindLiveObjects: 0.331100 ms CreateObjectMapping: 0.155900 ms MarkObjects: 2.073700 ms  DeleteObjects: 0.016400 ms)

========================================================================
Received Import Request.
  Time since last request: 62.317868 seconds.
  path: ProjectSettings/TagManager.asset
  artifactKey: Guid(00000000000000003000000000000000) Importer(815301076,1909f56bfc062723c751e8b465ee728b)
Start importing ProjectSettings/TagManager.asset using Guid(00000000000000003000000000000000) Importer(815301076,1909f56bfc062723c751e8b465ee728b)  -> (artifact id: 'e7f5723b4a792174db83e2df07fc9ef6') in 0.012434 seconds
  Import took 0.017564 seconds .

========================================================================
Received Prepare
Registering precompiled user dll's ...
Registered in 0.001419 seconds.
Begin MonoManager ReloadAssembly
Native extension for WindowsStandalone target not found
Refreshing native plugins compatible for Editor in 0.74 ms, found 1 plugins.
Preloading 0 native plugins for Editor in 0.00 ms.
Invoked RoslynAnalysisRunner static constructor.
RoslynAnalysisRunner will not be running.
RoslynAnalysisRunner has terminated.
Mono: successfully reloaded assembly
- Completed reload, in  0.877 seconds
Platform modules already initialized, skipping
Shader 'Universal Render Pipeline/Particles/Lit': fallback shader 'Universal Render Pipeline/Particles/SimpleLit' not found
Refreshing native plugins compatible for Editor in 0.50 ms, found 1 plugins.
Preloading 0 native plugins for Editor in 0.00 ms.
Unloading 3067 Unused Serialized files (Serialized files now loaded: 0)
System memory in use before: 135.5 MB.
System memory in use after: 135.8 MB.

Unloading 10 unused Assets to reduce memory usage. Loaded Objects now: 3739.
Total: 2.739300 ms (FindLiveObjects: 0.345200 ms CreateObjectMapping: 0.139400 ms MarkObjects: 2.236200 ms  DeleteObjects: 0.017900 ms)

========================================================================
Received Prepare
Registering precompiled user dll's ...
Registered in 0.001458 seconds.
Begin MonoManager ReloadAssembly
Native extension for WindowsStandalone target not found
Refreshing native plugins compatible for Editor in 0.43 ms, found 1 plugins.
Preloading 0 native plugins for Editor in 0.00 ms.
Invoked RoslynAnalysisRunner static constructor.
RoslynAnalysisRunner will not be running.
RoslynAnalysisRunner has terminated.
Mono: successfully reloaded assembly
- Completed reload, in  0.880 seconds
Platform modules already initialized, skipping
Shader 'Universal Render Pipeline/Particles/Lit': fallback shader 'Universal Render Pipeline/Particles/SimpleLit' not found
Refreshing native plugins compatible for Editor in 0.50 ms, found 1 plugins.
Preloading 0 native plugins for Editor in 0.00 ms.
Unloading 3067 Unused Serialized files (Serialized files now loaded: 0)
System memory in use before: 135.6 MB.
System memory in use after: 135.8 MB.

Unloading 9 unused Assets to reduce memory usage. Loaded Objects now: 3743.
Total: 2.947900 ms (FindLiveObjects: 0.393100 ms CreateObjectMapping: 0.236400 ms MarkObjects: 2.299200 ms  DeleteObjects: 0.018200 ms)

========================================================================
Received Prepare
Registering precompiled user dll's ...
Registered in 0.001401 seconds.
Begin MonoManager ReloadAssembly
Native extension for WindowsStandalone target not found
Refreshing native plugins compatible for Editor in 0.48 ms, found 1 plugins.
Preloading 0 native plugins for Editor in 0.00 ms.
Invoked RoslynAnalysisRunner static constructor.
RoslynAnalysisRunner will not be running.
RoslynAnalysisRunner has terminated.
Mono: successfully reloaded assembly
- Completed reload, in  0.871 seconds
Platform modules already initialized, skipping
Shader 'Universal Render Pipeline/Particles/Lit': fallback shader 'Universal Render Pipeline/Particles/SimpleLit' not found
Refreshing native plugins compatible for Editor in 0.48 ms, found 1 plugins.
Preloading 0 native plugins for Editor in 0.00 ms.
Unloading 3067 Unused Serialized files (Serialized files now loaded: 0)
System memory in use before: 135.6 MB.
System memory in use after: 135.8 MB.

Unloading 9 unused Assets to reduce memory usage. Loaded Objects now: 3747.
Total: 2.896100 ms (FindLiveObjects: 0.343700 ms CreateObjectMapping: 0.151200 ms MarkObjects: 2.378200 ms  DeleteObjects: 0.021900 ms)

========================================================================
Received Import Request.
  Time since last request: 113.946344 seconds.
  path: Assets/Scenes/StartMenu.unity
  artifactKey: Guid(2cdb6d20ea605c343988dc17bc2fbe46) Importer(815301076,1909f56bfc062723c751e8b465ee728b)
Start importing Assets/Scenes/StartMenu.unity using Guid(2cdb6d20ea605c343988dc17bc2fbe46) Importer(815301076,1909f56bfc062723c751e8b465ee728b)  -> (artifact id: '8264e84dda6c273d528d9d19b0c3749e') in 0.011614 seconds
  Import took 0.016236 seconds .

AssetImportWorkerClient::OnTransportError - code=2 error=End of file
